生成启动时间为 2016/8/18 14:47:10。
     1>项目“F:\my_pcl_code\densecrf\build\src\densecrf.vcxproj”在节点 2 上(Build 个目标)。
     1>ClCompile:
         C:\Program Files (x86)\Microsoft Visual Studio 12.0\VC\bin\x86_amd64\CL.exe /c /IC:\opencv\build\include /IC:\opencv\build\include\opencv /IF:\my_pcl_code\densecrf\include /Zi /nologo /W3 /WX- /Od /Ob0 /D WIN32 /D _WINDOWS /D _DEBUG /D "CMAKE_INTDIR=\"Debug\"" /D _MBCS /Gm- /EHsc /RTC1 /MDd /GS /fp:precise /Zc:wchar_t /Zc:forScope /GR /Fo"densecrf.dir\Debug\\" /Fd"densecrf.dir\Debug\vc120.pdb" /Gd /TP /errorReport:prompt F:\my_pcl_code\densecrf\src\util.cpp F:\my_pcl_code\densecrf\src\bipartitedensecrf.cpp F:\my_pcl_code\densecrf\src\permutohedral.cpp F:\my_pcl_code\densecrf\src\densecrf.cpp F:\my_pcl_code\densecrf\src\filter.cpp
         util.cpp
     1>f:\my_pcl_code\densecrf\src\permutohedral.h(455): warning C4244: “初始化”: 从“int”转换到“float”，可能丢失数据
     1>f:\my_pcl_code\densecrf\src\permutohedral.h(503): warning C4244: “=”: 从“float”转换到“short”，可能丢失数据
         bipartitedensecrf.cpp
     1>f:\my_pcl_code\densecrf\src\permutohedral.h(455): warning C4244: “初始化”: 从“int”转换到“float”，可能丢失数据
     1>f:\my_pcl_code\densecrf\src\permutohedral.h(503): warning C4244: “=”: 从“float”转换到“short”，可能丢失数据
         permutohedral.cpp
     1>f:\my_pcl_code\densecrf\src\permutohedral.h(455): warning C4244: “初始化”: 从“int”转换到“float”，可能丢失数据
     1>f:\my_pcl_code\densecrf\src\permutohedral.h(503): warning C4244: “=”: 从“float”转换到“short”，可能丢失数据
         densecrf.cpp
     1>f:\my_pcl_code\densecrf\src\permutohedral.h(455): warning C4244: “初始化”: 从“int”转换到“float”，可能丢失数据
     1>f:\my_pcl_code\densecrf\src\permutohedral.h(503): warning C4244: “=”: 从“float”转换到“short”，可能丢失数据
         filter.cpp
     1>f:\my_pcl_code\densecrf\src\permutohedral.h(455): warning C4244: “初始化”: 从“int”转换到“float”，可能丢失数据
     1>f:\my_pcl_code\densecrf\src\permutohedral.h(503): warning C4244: “=”: 从“float”转换到“short”，可能丢失数据
         正在生成代码...
       Lib:
         C:\Program Files (x86)\Microsoft Visual Studio 12.0\VC\bin\x86_amd64\Lib.exe /OUT:"F:\my_pcl_code\densecrf\build\src\Debug\densecrf.lib" /NOLOGO /MACHINE:X64  /machine:x64 densecrf.dir\Debug\util.obj
         densecrf.dir\Debug\bipartitedensecrf.obj
         densecrf.dir\Debug\permutohedral.obj
         densecrf.dir\Debug\densecrf.obj
         densecrf.dir\Debug\filter.obj
     1>permutohedral.obj : warning LNK4221: 此对象文件未定义任何之前未定义的公共符号，因此任何耗用此库的链接操作都不会使用此文件
         densecrf.vcxproj -> F:\my_pcl_code\densecrf\build\src\Debug\densecrf.lib
     1>已完成生成项目“F:\my_pcl_code\densecrf\build\src\densecrf.vcxproj”(Build 个目标)的操作。

生成成功。

已用时间 00:00:00.82
